0	<UNK>	0
23	(	1
23	)	2
17	;	3
16	.	4
12	=	5
11	{	6
11	}	7
9	input	8
8	[	9
8	]	10
8	double	11
8	\	12
7	i	13
7	d	14
5	String	15
5	min	16
4	public	17
4	spark	18
4	numbers	19
4	length	20
4	max	21
3	static	22
3	for	23
3	int	24
3	Double	25
3	-	26
3	sb	27
3	sparks	28
2	args	29
2	new	30
2	0	31
2	<	32
2	+	33
2	charAt	34
2	return	35
2	_	36
2	INFINITY	37
2	:	38
2	if	39
2	intervalSize	40
2	StringBuilder	41
2	"	42
2	sparkIndex	43
1	<s>	44
1	class	45
1	Spark	46
1	void	47
1	main	48
1	System	49
1	out	50
1	println	51
1	try	52
1	parseDouble	53
1	catch	54
1	NumberFormatException	55
1	e	56
1	POSITIVE	57
1	NEGATIVE	58
1	>	59
1	u2581	60
1	u2582	61
1	u2583	62
1	u2584	63
1	u2585	64
1	u2586	65
1	u2587	66
1	u2588	67
1	/	68
1	*	69
1	1	70
1	append	71
1	toString	72
1	</s>	73
